#
# There is insufficient memory for the Java Runtime Environment to continue.
# Native memory allocation (mmap) failed to map 134217728 bytes for G1 virtual space
# Possible reasons:
#   The system is out of physical RAM or swap space
#   The process is running with CompressedOops enabled, and the Java Heap may be blocking the growth of the native heap
# Possible solutions:
#   Reduce memory load on the system
#   Increase physical memory or swap space
#   Check if swap backing store is full
#   Decrease Java heap size (-Xmx/-Xms)
#   Decrease number of Java threads
#   Decrease Java thread stack sizes (-Xss)
#   Set larger code cache with -XX:ReservedCodeCacheSize=
#   JVM is running with Unscaled Compressed Oops mode in which the Java heap is
#     placed in the first 4GB address space. The Java Heap base address is the
#     maximum limit for the native heap growth. Please use -XX:HeapBaseMinAddress
#     to set the Java Heap base and to place the Java Heap above 4GB virtual address.
# This output file may be truncated or incomplete.
#
#  Out of Memory Error (os_windows.cpp:3466), pid=2604, tid=5532
#
# JRE version:  (16.0.1+9) (build )
# Java VM: Java HotSpot(TM) 64-Bit Server VM (16.0.1+9-24, mixed mode, sharing, tiered, compressed oops, compressed class ptrs, g1 gc, windows-amd64)
# No core dump will be written. Minidumps are not enabled by default on client versions of Windows
#

---------------  S U M M A R Y ------------

Command Line: -javaagent:C:\Program Files\JetBrains\IntelliJ IDEA Community Edition 2021.1.3\lib\idea_rt.jar=49796:C:\Program Files\JetBrains\IntelliJ IDEA Community Edition 2021.1.3\bin -Dfile.encoding=UTF-8 com.aca.homework2.task1.Main

Host: Intel(R) Core(TM) i5-5200U CPU @ 2.20GHz, 4 cores, 7G,  Windows 10 , 64 bit Build 19041 (10.0.19041.1023)
Time: Mon Aug  9 15:28:05 2021 Caucasus Standard Time elapsed time: 0.055004 seconds (0d 0h 0m 0s)

---------------  T H R E A D  ---------------

Current thread (0x000002087ca895a0):  JavaThread "Unknown thread" [_thread_in_vm, id=5532, stack(0x00000065a2200000,0x00000065a2300000)]

Stack: [0x00000065a2200000,0x00000065a2300000]
Native frames: (J=compiled Java code, j=interpreted, Vv=VM code, C=native code)
V  [jvm.dll+0x6687ca]
V  [jvm.dll+0x7ca3c9]
V  [jvm.dll+0x7cbb53]
V  [jvm.dll+0x7cc1b3]
V  [jvm.dll+0x242ea5]
V  [jvm.dll+0x665589]
V  [jvm.dll+0x65a175]
V  [jvm.dll+0x2fc5ab]
V  [jvm.dll+0x3037a6]
V  [jvm.dll+0x352fee]
V  [jvm.dll+0x35321f]
V  [jvm.dll+0x2d3618]
V  [jvm.dll+0x2d4854]
V  [jvm.dll+0x79ccb1]
V  [jvm.dll+0x360de1]
V  [jvm.dll+0x77a990]
V  [jvm.dll+0x3e55af]
V  [jvm.dll+0x3e7081]
C  [jli.dll+0x52fb]
C  [ucrtbase.dll+0x21bb2]
C  [KERNEL32.DLL+0x17034]
C  [ntdll.dll+0x52651]


---------------  P R O C E S S  ---------------

Threads class SMR info:
_java_thread_list=0x00007ffd479ecbb8, length=0, elements={
}

Java Threads: ( => current thread )

Other Threads:
  0x000002087cac84b0 GCTaskThread "GC Thread#0" [stack: 0x00000065a2400000,0x00000065a2500000] [id=12596]
  0x000002087cada110 ConcurrentGCThread "G1 Main Marker" [stack: 0x00000065a2500000,0x00000065a2600000] [id=6224]
  0x000002087cadaa90 ConcurrentGCThread "G1 Conc#0" [stack: 0x00000065a2600000,0x00000065a2700000] [id=1936]

[error occurred during error reporting (printing all threads), id 0xc0000005, EXCEPTION_ACCESS_VIOLATION (0xc0000005) at pc=0x00007ffd471c44d7]

VM state: not at safepoint (not fully initialized)

VM Mutex/Monitor currently owned by a thread:  ([mutex/lock_event])
[0x000002087ca84c50] Heap_lock - owner thread: 0x000002087ca895a0

Heap address: 0x0000000081800000, size: 2024 MB, Compressed Oops mode: 32-bit

CDS archive(s) mapped at: [0x0000000000000000-0x0000000000000000-0x0000000000000000), size 0, SharedBaseAddress: 0x0000000800000000, ArchiveRelocationMode: 0.
Narrow klass base: 0x0000000000000000, Narrow klass shift: 0, Narrow klass range: 0x0

GC Precious Log:
<Empty>

Heap:
 garbage-first heap   total 0K, used 0K [0x0000000081800000, 0x0000000100000000)
  region size 1024K, 0 young (0K), 0 survivors (0K)

[error occurred during error reporting (printing heap information), id 0xc0000005, EXCEPTION_ACCESS_VIOLATION (0xc0000005) at pc=0x00007ffd475a24ed]

GC Heap History (0 events):
No events

Deoptimization events (0 events):
No events

Classes unloaded (0 events):
No events

Classes redefined (0 events):
No events

Internal exceptions (0 events):
No events

Events (1 events):
Event: 0.038 Loaded shared library C:\Program Files\Java\jdk-16.0.1\bin\java.dll


Dynamic libraries:
0x00007ff6ea980000 - 0x00007ff6ea990000 	C:\Program Files\Java\jdk-16.0.1\bin\java.exe
0x00007ffd7e9f0000 - 0x00007ffd7ebe5000 	C:\WINDOWS\SYSTEM32\ntdll.dll
0x00007ffd7e830000 - 0x00007ffd7e8ed000 	C:\WINDOWS\System32\KERNEL32.DLL
0x00007ffd7c610000 - 0x00007ffd7c8d9000 	C:\WINDOWS\System32\KERNELBASE.dll
0x00007ffd7c960000 - 0x00007ffd7ca60000 	C:\WINDOWS\System32\ucrtbase.dll
0x00007ffd779d0000 - 0x00007ffd779e8000 	C:\Program Files\Java\jdk-16.0.1\bin\jli.dll
0x00007ffd7d8c0000 - 0x00007ffd7d96c000 	C:\WINDOWS\System32\ADVAPI32.dll
0x00007ffd7e6e0000 - 0x00007ffd7e77e000 	C:\WINDOWS\System32\msvcrt.dll
0x00007ffd7e640000 - 0x00007ffd7e6db000 	C:\WINDOWS\System32\sechost.dll
0x00007ffd7ca60000 - 0x00007ffd7cb8a000 	C:\WINDOWS\System32\RPCRT4.dll
0x00007ffd7e410000 - 0x00007ffd7e5b0000 	C:\WINDOWS\System32\USER32.dll
0x00007ffd7c8e0000 - 0x00007ffd7c902000 	C:\WINDOWS\System32\win32u.dll
0x00007ffd7e610000 - 0x00007ffd7e63a000 	C:\WINDOWS\System32\GDI32.dll
0x00007ffd7c1c0000 - 0x00007ffd7c2cb000 	C:\WINDOWS\System32\gdi32full.dll
0x00007ffd7c330000 - 0x00007ffd7c3cd000 	C:\WINDOWS\System32\msvcp_win.dll
0x00007ffd77af0000 - 0x00007ffd77b09000 	C:\Program Files\Java\jdk-16.0.1\bin\VCRUNTIME140.dll
0x00007ffd665c0000 - 0x00007ffd6685a000 	C:\WINDOWS\WinSxS\amd64_microsoft.windows.common-controls_6595b64144ccf1df_6.0.19041.1110_none_60b5254171f9507e\COMCTL32.dll
0x00007ffd6ee20000 - 0x00007ffd6ee2a000 	C:\WINDOWS\SYSTEM32\VERSION.dll
0x00007ffd7e2c0000 - 0x00007ffd7e2f0000 	C:\WINDOWS\System32\IMM32.DLL
0x00007ffd77ae0000 - 0x00007ffd77aec000 	C:\Program Files\Java\jdk-16.0.1\bin\vcruntime140_1.dll
0x00007ffd77840000 - 0x00007ffd778d1000 	C:\Program Files\Java\jdk-16.0.1\bin\msvcp140.dll
0x00007ffd46ee0000 - 0x00007ffd47a8b000 	C:\Program Files\Java\jdk-16.0.1\bin\server\jvm.dll
0x00007ffd7d970000 - 0x00007ffd7d978000 	C:\WINDOWS\System32\PSAPI.DLL
0x00007ffd76230000 - 0x00007ffd76239000 	C:\WINDOWS\SYSTEM32\WSOCK32.dll
0x00007ffd7e1d0000 - 0x00007ffd7e23b000 	C:\WINDOWS\System32\WS2_32.dll
0x00007ffd66460000 - 0x00007ffd66487000 	C:\WINDOWS\SYSTEM32\WINMM.dll
0x00007ffd7a060000 - 0x00007ffd7a072000 	C:\WINDOWS\SYSTEM32\kernel.appcore.dll
0x00007ffd77a50000 - 0x00007ffd77a5a000 	C:\Program Files\Java\jdk-16.0.1\bin\jimage.dll
0x00007ffd75660000 - 0x00007ffd75844000 	C:\WINDOWS\SYSTEM32\DBGHELP.DLL
0x00007ffd748b0000 - 0x00007ffd748dc000 	C:\WINDOWS\SYSTEM32\dbgcore.DLL
0x00007ffd7c130000 - 0x00007ffd7c1b3000 	C:\WINDOWS\System32\bcryptPrimitives.dll
0x00007ffd79900000 - 0x00007ffd7990e000 	C:\Program Files\Java\jdk-16.0.1\bin\instrument.dll
0x00007ffd779a0000 - 0x00007ffd779c5000 	C:\Program Files\Java\jdk-16.0.1\bin\java.dll

dbghelp: loaded successfully - version: 4.0.5 - missing functions: none
symbol engine: initialized successfully - sym options: 0x614 - pdb path: .;C:\Program Files\Java\jdk-16.0.1\bin;C:\WINDOWS\SYSTEM32;C:\WINDOWS\WinSxS\amd64_microsoft.windows.common-controls_6595b64144ccf1df_6.0.19041.1110_none_60b5254171f9507e;C:\Program Files\Java\jdk-16.0.1\bin\server

VM Arguments:
jvm_args: -javaagent:C:\Program Files\JetBrains\IntelliJ IDEA Community Edition 2021.1.3\lib\idea_rt.jar=49796:C:\Program Files\JetBrains\IntelliJ IDEA Community Edition 2021.1.3\bin -Dfile.encoding=UTF-8 
java_command: com.aca.homework2.task1.Main
java_class_path (initial): C:\Users\marin\Homeworks\out\production\Homeworks
Launcher Type: SUN_STANDARD

[Global flags]
     intx CICompilerCount                          = 3                                         {product} {ergonomic}
     uint ConcGCThreads                            = 1                                         {product} {ergonomic}
     uint G1ConcRefinementThreads                  = 4                                         {product} {ergonomic}
   size_t G1HeapRegionSize                         = 1048576                                   {product} {ergonomic}
    uintx GCDrainStackTargetSize                   = 64                                        {product} {ergonomic}
   size_t InitialHeapSize                          = 134217728                                 {product} {ergonomic}
   size_t MarkStackSize                            = 4194304                                   {product} {ergonomic}
   size_t MaxHeapSize                              = 2122317824                                {product} {ergonomic}
   size_t MinHeapDeltaBytes                        = 1048576                                   {product} {ergonomic}
   size_t MinHeapSize                              = 8388608                                   {product} {ergonomic}
    uintx NonNMethodCodeHeapSize                   = 5832780                                {pd product} {ergonomic}
    uintx NonProfiledCodeHeapSize                  = 122912730                              {pd product} {ergonomic}
    uintx ProfiledCodeHeapSize                     = 122912730                              {pd product} {ergonomic}
    uintx ReservedCodeCacheSize                    = 251658240                              {pd product} {ergonomic}
     bool SegmentedCodeCache                       = true                                      {product} {ergonomic}
   size_t SoftMaxHeapSize                          = 2122317824                             {manageable} {ergonomic}
     bool UseCompressedClassPointers               = true                           {product lp64_product} {ergonomic}
     bool UseCompressedOops                        = true                           {product lp64_product} {ergonomic}
     bool UseG1GC                                  = true                                      {product} {ergonomic}
     bool UseLargePagesIndividualAllocation        = false                                  {pd product} {ergonomic}

Logging:
Log output configuration:
 #0: stdout all=warning uptime,level,tags
 #1: stderr all=off uptime,level,tags

Environment Variables:
PATH=C:\Program Files\Common Files\Oracle\Java\javapath;C:\ProgramData\Oracle\Java\javapath;C:\WINDOWS\system32;C:\WINDOWS;C:\WINDOWS\System32\Wbem;C:\WINDOWS\System32\WindowsPowerShell\v1.0\;C:\Program Files\Java\jdk1.8.0_144\jre\bin;C:\Program Files\Java\jdk1.8.0_144\bin;C:\Program Files\Git\cmd;C:\Program Files (x86)\Git\cmd;C:\Program Files (x86)\GitExtensions\;C:\Users\Home\AppData\Roaming\nvm;C:\Program Files\nodejs;C:\Program Files (x86)\MongoDB\Server\3.2\bin;C:\WINDOWS\System32\OpenSSH\;C:\Program Files\JetBrains\IntelliJ IDEA 2017.2.3\plugins\maven\lib\maven3\bin;C:\Program Files\PuTTY\;C:\Program Files\nodejs\;C:\Users\marin\AppData\Local\Microsoft\WindowsApps;C:\Users\marin\AppData\Local\Programs\Microsoft VS Code\bin;C:\Users\marin\AppData\Local\GitHubDesktop\bin;C:\Users\marin\AppData\Roaming\npm
USERNAME=marin
OS=Windows_NT
PROCESSOR_IDENTIFIER=Intel64 Family 6 Model 61 Stepping 4, GenuineIntel



---------------  S Y S T E M  ---------------

OS:
 Windows 10 , 64 bit Build 19041 (10.0.19041.1023)
OS uptime: 2 days 5:15 hours

CPU: total 4 (initial active 4) (2 cores per cpu, 2 threads per core) family 6 model 61 stepping 4 microcode 0x2f, cx8, cmov, fxsr, ht, mmx, 3dnowpref, sse, sse2, sse3, ssse3, sse4.1, sse4.2, popcnt, lzcnt, tsc, tscinvbit, avx, avx2, aes, erms, clmul, bmi1, bmi2, adx, fma, vzeroupper, clflush

Memory: 4k page, system-wide physical 8093M (1343M free)
TotalPageFile size 8093M (AvailPageFile size 19M)
current process WorkingSet (physical memory assigned to process): 10M, peak: 10M
current process commit charge ("private bytes"): 51M, peak: 179M

vm_info: Java HotSpot(TM) 64-Bit Server VM (16.0.1+9-24) for windows-amd64 JRE (16.0.1+9-24), built on Mar 26 2021 19:31:42 by "mach5one" with MS VC++ 16.7 (VS2019)

END.
